[debug] [2023-08-16T01:52:41.636Z] ----------------------------------------------------------------------
[debug] [2023-08-16T01:52:41.641Z] Command:       /usr/bin/node /usr/local/bin/firebase init
[debug] [2023-08-16T01:52:41.642Z] CLI Version:   12.4.8
[debug] [2023-08-16T01:52:41.643Z] Platform:      linux
[debug] [2023-08-16T01:52:41.643Z] Node Version:  v18.13.0
[debug] [2023-08-16T01:52:41.644Z] Time:          Wed Aug 16 2023 03:52:41 GMT+0200 (South Africa Standard Time)
[debug] [2023-08-16T01:52:41.644Z] ----------------------------------------------------------------------
[debug] 
[debug] [2023-08-16T01:52:41.658Z] > command requires scopes: ["email","openid","https://www.googleapis.com/auth/cloudplatformprojects.readonly","https://www.googleapis.com/auth/firebase","https://www.googleapis.com/auth/cloud-platform"]
[debug] [2023-08-16T01:52:41.659Z] > authorizing via signed-in user (bobolebona2005@gmail.com)
[info] 
     ######## #### ########  ######## ########     ###     ######  ########
     ##        ##  ##     ## ##       ##     ##  ##   ##  ##       ##
     ######    ##  ########  ######   ########  #########  ######  ######
     ##        ##  ##    ##  ##       ##     ## ##     ##       ## ##
     ##       #### ##     ## ######## ########  ##     ##  ######  ########

You're about to initialize a Firebase project in this directory:

  /home/kamohelo/Desktop/ILL BE OFFLINE FOR A WHILE/Maths/src

[info] 
=== Project Setup
[info] 
[info] First, let's associate this project directory with a Firebase project.
[info] You can create multiple project aliases by running firebase use --add, 
[info] but for now we'll just set up a default project.
[info] 
[debug] [2023-08-16T01:53:04.354Z] >>> [apiv2][query] GET https://firebase.googleapis.com/v1beta1/projects pageSize=100
